********************************************************************************
product = Open Liberty 20.0.0.8 (wlp-1.0.43.cl200820200721-1900)
wlp.install.dir = /Users/altuga/Code/microprofile_bootstrap_K/boot/target/liberty/wlp/
java.home = /Library/Java/JavaVirtualMachines/jdk1.8.0_152.jdk/Contents/Home/jre
java.version = 1.8.0_152-ea
java.runtime = Java(TM) SE Runtime Environment (1.8.0_152-ea-b05)
os = Mac OS X (10.15.5; x86_64) (en_US)
process = 17217@Altugs-MacBook-Pro.local
********************************************************************************
[8/17/20 11:41:12:742 EET] 00000001 com.ibm.ws.kernel.launch.internal.FrameworkManager           A CWWKE0001I: The server boot has been launched.
[8/17/20 11:41:14:249 EET] 00000001 com.ibm.ws.kernel.launch.internal.FrameworkManager           I CWWKE0002I: The kernel started after 2.076 seconds
[8/17/20 11:41:14:323 EET] 00000020 com.ibm.ws.kernel.feature.internal.FeatureManager            I CWWKF0007I: Feature update started.
[8/17/20 11:41:16:546 EET] 00000016 .apache.cxf.cxf.core.3.2:1.0.43.cl200820200721-1900(id=150)] I Aries Blueprint packages not available. So namespaces will not be registered
[8/17/20 11:41:16:549 EET] 00000016 .apache.cxf.cxf.core.3.2:1.0.43.cl200820200721-1900(id=150)] I Aries Blueprint packages not available. So namespaces will not be registered
[8/17/20 11:41:16:630 EET] 00000014 com.ibm.ws.security.ready.internal.SecurityReadyServiceImpl  I CWWKS0007I: The security service is starting...
[8/17/20 11:41:17:111 EET] 00000017 com.ibm.ws.app.manager.internal.monitor.DropinMonitor        A CWWKZ0058I: Monitoring dropins for applications.
[8/17/20 11:41:17:379 EET] 00000015 com.ibm.ws.cache.ServerCache                                 I DYNA1001I: WebSphere Dynamic Cache instance named baseCache initialized successfully.
[8/17/20 11:41:17:385 EET] 00000015 com.ibm.ws.cache.ServerCache                                 I DYNA1071I: The cache provider default is being used.
[8/17/20 11:41:17:387 EET] 00000015 com.ibm.ws.cache.CacheServiceImpl                            I DYNA1056I: Dynamic Cache (object cache) initialized successfully.
[8/17/20 11:41:18:781 EET] 0000001c com.ibm.ws.ssl.config.WSKeyStore                             I Successfully loaded default keystore: /Users/altuga/Code/microprofile_bootstrap_K/boot/target/liberty/wlp/usr/servers/boot/resources/security/public.jks of type: JKS
[8/17/20 11:41:18:877 EET] 00000014 ibm.ws.security.authentication.internal.jaas.JAASServiceImpl I CWWKS1123I: The collective authentication plugin with class name NullCollectiveAuthenticationPlugin has been activated. 
[8/17/20 11:41:18:968 EET] 00000023 com.ibm.ws.security.token.ltpa.internal.LTPAKeyCreateTask    I CWWKS4105I: LTPA configuration is ready after 0.172 seconds.
[8/17/20 11:41:19:311 EET] 00000014 com.ibm.ws.security.jwt.internal.ConsumerImpl                I CWWKS6012I: The JSON Web Token (JWT) consumer service is available.
[8/17/20 11:41:19:344 EET] 00000014 com.ibm.ws.security.jwt.web.JwtEndpointServices              I CWWKS6002I: The JSON Web Token (JWT) endpoint service is available.
[8/17/20 11:41:19:364 EET] 00000014 .ws.security.mp.jwt.v11.config.impl.MpConfigProxyServiceImpl I CWWKS5775I: The MicroProfile JWT version 1.1 mpConfigProxy processed successfully.
[8/17/20 11:41:19:384 EET] 00000014 com.ibm.ws.security.mp.jwt.impl.MicroProfileJwtConfigImpl    I CWWKS5500I: The MicroProfile JWT configuration [jwtUserConsumer] was successfully processed.
[8/17/20 11:41:19:388 EET] 00000014 com.ibm.ws.security.mp.jwt.impl.MicroProfileJwtConfigImpl    I CWWKS5500I: The MicroProfile JWT configuration [defaultMpJwt] was successfully processed.
[8/17/20 11:41:19:392 EET] 00000014 com.ibm.ws.security.mp.jwt.impl.MicroProfileJwtServiceImpl   I CWWKS5500I: The MicroProfile JWT configuration [MicroProfileJwtService] was successfully processed.
[8/17/20 11:41:20:711 EET] 00000014 com.ibm.ws.session.WASSessionCore                            I SESN8501I: The session manager did not find a persistent storage location; HttpSession objects will be stored in the local application server's memory.
[8/17/20 11:41:20:816 EET] 00000014 om.ibm.ws.microprofile.metrics.monitor.MonitorMetricsHandler I CWPMI2003I: Monitoring metrics can be retrieved through mpMetrics.
[8/17/20 11:41:21:641 EET] 00000031 com.ibm.ws.app.manager.AppMessageHelper                      I CWWKZ0018I: Starting application boot.
[8/17/20 11:41:21:642 EET] 00000031 bm.ws.app.manager.war.internal.WARDeployedAppInfoFactoryImpl I CWWKZ0134I: The boot application is using the loose application definition at the /Users/altuga/Code/microprofile_bootstrap_K/boot/target/liberty/wlp/usr/servers/boot/apps/boot.war.xml location.
[8/17/20 11:41:22:382 EET] 00000025 com.ibm.ws.webcontainer.osgi.webapp.WebGroup                 I SRVE0169I: Loading Web Module: PublicMicroProfileMetrics.
[8/17/20 11:41:22:388 EET] 00000025 com.ibm.ws.webcontainer                                      I SRVE0250I: Web Module PublicMicroProfileMetrics has been bound to default_host.
[8/17/20 11:41:22:390 EET] 00000025 com.ibm.ws.http.internal.VirtualHostImpl                     A CWWKT0016I: Web application available (default_host): http://localhost:9080/metrics/
[8/17/20 11:41:22:417 EET] 00000023 com.ibm.ws.webcontainer.osgi.webapp.WebGroup                 I SRVE0169I: Loading Web Module: ibm/api.
[8/17/20 11:41:22:417 EET] 00000023 com.ibm.ws.webcontainer                                      I SRVE0250I: Web Module ibm/api has been bound to default_host.
[8/17/20 11:41:22:431 EET] 00000023 com.ibm.ws.http.internal.VirtualHostImpl                     A CWWKT0016I: Web application available (default_host): http://localhost:9080/ibm/api/
[8/17/20 11:41:22:561 EET] 00000021 com.ibm.ws.webcontainer.osgi.webapp.WebGroup                 I SRVE0169I: Loading Web Module: health.
[8/17/20 11:41:22:563 EET] 00000021 com.ibm.ws.webcontainer                                      I SRVE0250I: Web Module health has been bound to default_host.
[8/17/20 11:41:22:564 EET] 00000021 com.ibm.ws.http.internal.VirtualHostImpl                     A CWWKT0016I: Web application available (default_host): http://localhost:9080/health/
[8/17/20 11:41:22:562 EET] 00000026 com.ibm.ws.webcontainer.osgi.webapp.WebGroup                 I SRVE0169I: Loading Web Module: com.ibm.ws.security.jwt.
[8/17/20 11:41:22:566 EET] 00000026 com.ibm.ws.webcontainer                                      I SRVE0250I: Web Module com.ibm.ws.security.jwt has been bound to default_host.
[8/17/20 11:41:22:565 EET] 00000028 com.ibm.ws.webcontainer.osgi.webapp.WebGroup                 I SRVE0169I: Loading Web Module: OpenAPIUI.
[8/17/20 11:41:22:566 EET] 00000028 com.ibm.ws.webcontainer                                      I SRVE0250I: Web Module OpenAPIUI has been bound to default_host.
[8/17/20 11:41:22:566 EET] 00000026 com.ibm.ws.http.internal.VirtualHostImpl                     A CWWKT0016I: Web application available (default_host): http://localhost:9080/jwt/
[8/17/20 11:41:22:578 EET] 00000028 com.ibm.ws.http.internal.VirtualHostImpl                     A CWWKT0016I: Web application available (default_host): http://localhost:9080/openapi/ui/
[8/17/20 11:41:22:675 EET] 00000024 com.ibm.ws.webcontainer.osgi.webapp.WebGroup                 I SRVE0169I: Loading Web Module: MicroProfileOpenAPI.
[8/17/20 11:41:22:676 EET] 00000024 com.ibm.ws.webcontainer                                      I SRVE0250I: Web Module MicroProfileOpenAPI has been bound to default_host.
[8/17/20 11:41:22:676 EET] 00000024 com.ibm.ws.http.internal.VirtualHostImpl                     A CWWKT0016I: Web application available (default_host): http://localhost:9080/openapi/
[8/17/20 11:41:22:721 EET] 00000025 com.ibm.ws.session.WASSessionCore                            I SESN0176I: A new session context will be created for application key default_host/health
[8/17/20 11:41:22:721 EET] 00000035 com.ibm.ws.session.WASSessionCore                            I SESN0176I: A new session context will be created for application key default_host/metrics
[8/17/20 11:41:22:721 EET] 00000021 com.ibm.ws.session.WASSessionCore                            I SESN0176I: A new session context will be created for application key default_host/openapi/ui
[8/17/20 11:41:22:723 EET] 00000034 com.ibm.ws.session.WASSessionCore                            I SESN0176I: A new session context will be created for application key default_host/jwt
[8/17/20 11:41:22:723 EET] 00000026 com.ibm.ws.session.WASSessionCore                            I SESN0176I: A new session context will be created for application key default_host/openapi
[8/17/20 11:41:22:724 EET] 00000037 com.ibm.ws.session.WASSessionCore                            I SESN0176I: A new session context will be created for application key default_host/ibm/api
[8/17/20 11:41:23:298 EET] 00000034 com.ibm.ws.util                                              I SESN0172I: The session manager is using the Java default SecureRandom implementation for session ID generation.
[8/17/20 11:41:23:321 EET] 00000037 com.ibm.ws.util                                              I SESN0172I: The session manager is using the Java default SecureRandom implementation for session ID generation.
[8/17/20 11:41:23:343 EET] 00000025 com.ibm.ws.util                                              I SESN0172I: The session manager is using the Java default SecureRandom implementation for session ID generation.
[8/17/20 11:41:23:344 EET] 00000035 com.ibm.ws.util                                              I SESN0172I: The session manager is using the Java default SecureRandom implementation for session ID generation.
[8/17/20 11:41:23:345 EET] 00000021 com.ibm.ws.util                                              I SESN0172I: The session manager is using the Java default SecureRandom implementation for session ID generation.
[8/17/20 11:41:23:345 EET] 00000026 com.ibm.ws.util                                              I SESN0172I: The session manager is using the Java default SecureRandom implementation for session ID generation.
[8/17/20 11:41:23:374 EET] 00000021 com.ibm.ws.cache.CacheServiceImpl                            I DYNA1056I: Dynamic Cache (object cache) initialized successfully.
[8/17/20 11:41:23:708 EET] 00000035 com.ibm.ws.webcontainer.servlet                              I SRVE0242I: [com.ibm.ws.microprofile.metrics.public] [/metrics] [PublicMetricsRESTProxyServlet]: Initialization successful.
[8/17/20 11:41:23:709 EET] 00000025 com.ibm.ws.webcontainer.servlet                              I SRVE0242I: [com.ibm.ws.microprofile.health.2.0] [/health] [HealthCheckReadinessServlet]: Initialization successful.
[8/17/20 11:41:23:712 EET] 00000026 com.ibm.ws.webcontainer.servlet                              I SRVE0242I: [com.ibm.ws.microprofile.openapi] [/openapi] [OpenAPIServlet]: Initialization successful.
[8/17/20 11:41:23:712 EET] 00000025 com.ibm.ws.webcontainer.servlet                              I SRVE0242I: [com.ibm.ws.microprofile.health.2.0] [/health] [HealthCheckServlet]: Initialization successful.
[8/17/20 11:41:23:713 EET] 00000025 com.ibm.ws.webcontainer.servlet                              I SRVE0242I: [com.ibm.ws.microprofile.health.2.0] [/health] [HealthCheckLivenessServlet]: Initialization successful.
[8/17/20 11:41:23:944 EET] 00000023 com.ibm.ws.webcontainer.osgi.mbeans.PluginGenerator          I SRVE9103I: A configuration file for a web server plugin was automatically generated for this server at /Users/altuga/Code/microprofile_bootstrap_K/boot/target/liberty/wlp/usr/servers/boot/logs/state/plugin-cfg.xml.
[8/17/20 11:41:24:814 EET] 00000031 com.ibm.ws.microprofile.openapi.ApplicationProcessor         I CWWKO1660I: The application boot was processed and an OpenAPI document was produced.
[8/17/20 11:41:24:914 EET] 00000031 org.jboss.weld.Version                                       I WELD-000900: 3.1.4 (Final)
[8/17/20 11:41:28:339 EET] 00000031 com.ibm.ws.webcontainer.osgi.webapp.WebGroup                 I SRVE0169I: Loading Web Module: boot.
[8/17/20 11:41:28:340 EET] 00000031 com.ibm.ws.webcontainer                                      I SRVE0250I: Web Module boot has been bound to default_host.
[8/17/20 11:41:28:340 EET] 00000031 com.ibm.ws.http.internal.VirtualHostImpl                     A CWWKT0016I: Web application available (default_host): http://localhost:9080/
[8/17/20 11:41:28:346 EET] 00000035 com.ibm.ws.session.WASSessionCore                            I SESN0176I: A new session context will be created for application key default_host/
[8/17/20 11:41:28:347 EET] 00000035 com.ibm.ws.util                                              I SESN0172I: The session manager is using the Java default SecureRandom implementation for session ID generation.
[8/17/20 11:41:28:388 EET] 00000035 com.ibm.ws.app.manager.AppMessageHelper                      A CWWKZ0001I: Application boot started in 6.748 seconds.
[8/17/20 11:41:28:402 EET] 00000031 com.ibm.ws.webcontainer.osgi.mbeans.PluginGenerator          I SRVE9103I: A configuration file for a web server plugin was automatically generated for this server at /Users/altuga/Code/microprofile_bootstrap_K/boot/target/liberty/wlp/usr/servers/boot/logs/state/plugin-cfg.xml.
[8/17/20 11:41:28:425 EET] 00000020 com.ibm.ws.tcpchannel.internal.TCPPort                       I CWWKO0219I: TCP Channel defaultHttpEndpoint has been started and is now listening for requests on host localhost  (IPv4: 127.0.0.1) port 9080.
[8/17/20 11:41:28:431 EET] 00000020 com.ibm.ws.tcpchannel.internal.TCPPort                       I CWWKO0219I: TCP Channel defaultHttpEndpoint-ssl has been started and is now listening for requests on host localhost  (IPv4: 127.0.0.1) port 9443.
[8/17/20 11:41:28:465 EET] 00000020 com.ibm.ws.kernel.feature.internal.FeatureManager            A CWWKF0012I: The server installed the following features: [appSecurity-2.0, cdi-2.0, concurrent-1.0, distributedMap-1.0, jaxrs-2.1, jaxrsClient-2.1, jndi-1.0, json-1.0, jsonb-1.0, jsonp-1.1, jwt-1.0, microProfile-3.3, monitor-1.0, mpConfig-1.4, mpFaultTolerance-2.1, mpHealth-2.2, mpJwt-1.1, mpMetrics-2.3, mpOpenAPI-1.1, mpOpenTracing-1.3, mpRestClient-1.4, opentracing-1.3, servlet-4.0, ssl-1.0].
[8/17/20 11:41:28:466 EET] 00000020 com.ibm.ws.kernel.feature.internal.FeatureManager            I CWWKF0008I: Feature update completed in 14.220 seconds.
[8/17/20 11:41:28:466 EET] 00000020 com.ibm.ws.kernel.feature.internal.FeatureManager            A CWWKF0011I: The boot server is ready to run a smarter planet. The boot server started in 16.295 seconds.
[8/17/20 11:41:30:905 EET] 00000034 com.ibm.ws.http.internal.VirtualHostImpl                     A CWWKT0017I: Web application removed (default_host): http://localhost:9080/
[8/17/20 11:41:30:952 EET] 00000034 com.ibm.ws.app.manager.AppMessageHelper                      A CWWKZ0009I: The application boot has stopped successfully.
[8/17/20 11:41:30:965 EET] 00000034 com.ibm.ws.app.manager.AppMessageHelper                      I CWWKZ0018I: Starting application boot.
[8/17/20 11:41:30:965 EET] 00000034 bm.ws.app.manager.war.internal.WARDeployedAppInfoFactoryImpl I CWWKZ0134I: The boot application is using the loose application definition at the /Users/altuga/Code/microprofile_bootstrap_K/boot/target/liberty/wlp/usr/servers/boot/apps/boot.war.xml location.
[8/17/20 11:41:30:971 EET] 00000028 com.ibm.ws.webcontainer.osgi.mbeans.PluginGenerator          I SRVE9103I: A configuration file for a web server plugin was automatically generated for this server at /Users/altuga/Code/microprofile_bootstrap_K/boot/target/liberty/wlp/usr/servers/boot/logs/state/plugin-cfg.xml.
[8/17/20 11:41:31:159 EET] 00000034 com.ibm.ws.microprofile.openapi.ApplicationProcessor         I CWWKO1660I: The application boot was processed and an OpenAPI document was produced.
[8/17/20 11:41:31:790 EET] 00000034 com.ibm.ws.webcontainer.osgi.webapp.WebGroup                 I SRVE0169I: Loading Web Module: boot.
[8/17/20 11:41:31:790 EET] 00000034 com.ibm.ws.webcontainer                                      I SRVE0250I: Web Module boot has been bound to default_host.
[8/17/20 11:41:31:790 EET] 00000034 com.ibm.ws.http.internal.VirtualHostImpl                     A CWWKT0016I: Web application available (default_host): http://localhost:9080/
[8/17/20 11:41:31:793 EET] 00000028 com.ibm.ws.session.WASSessionCore                            I SESN0176I: A new session context will be created for application key default_host/
[8/17/20 11:41:31:793 EET] 00000028 com.ibm.ws.util                                              I SESN0172I: The session manager is using the Java default SecureRandom implementation for session ID generation.
[8/17/20 11:41:31:806 EET] 00000028 com.ibm.ws.app.manager.AppMessageHelper                      A CWWKZ0003I: The application boot updated in 0.841 seconds.
[8/17/20 11:41:31:814 EET] 00000025 com.ibm.ws.webcontainer.osgi.mbeans.PluginGenerator          I SRVE9103I: A configuration file for a web server plugin was automatically generated for this server at /Users/altuga/Code/microprofile_bootstrap_K/boot/target/liberty/wlp/usr/servers/boot/logs/state/plugin-cfg.xml.
