********************************************************************************
product = Open Liberty 20.0.0.8 (wlp-1.0.43.cl200820200721-1900)
wlp.install.dir = /Users/altuga/Downloads/boot/target/liberty/wlp/
java.home = /Library/Java/JavaVirtualMachines/jdk1.8.0_152.jdk/Contents/Home/jre
java.version = 1.8.0_152-ea
java.runtime = Java(TM) SE Runtime Environment (1.8.0_152-ea-b05)
os = Mac OS X (10.15.5; x86_64) (en_US)
process = 16249@Altugs-MacBook-Pro.local
********************************************************************************
[8/17/20 11:36:11:645 EET] 00000001 com.ibm.ws.kernel.launch.internal.FrameworkManager           A CWWKE0001I: The server boot has been launched.
[8/17/20 11:36:12:605 EET] 00000001 com.ibm.ws.kernel.launch.internal.FrameworkManager           I CWWKE0002I: The kernel started after 1.414 seconds
[8/17/20 11:36:12:628 EET] 00000020 com.ibm.ws.kernel.feature.internal.FeatureManager            I CWWKF0007I: Feature update started.
[8/17/20 11:36:12:952 EET] 00000016 .apache.cxf.cxf.core.3.2:1.0.43.cl200820200721-1900(id=150)] I Aries Blueprint packages not available. So namespaces will not be registered
[8/17/20 11:36:12:955 EET] 00000016 .apache.cxf.cxf.core.3.2:1.0.43.cl200820200721-1900(id=150)] I Aries Blueprint packages not available. So namespaces will not be registered
[8/17/20 11:36:13:010 EET] 00000014 com.ibm.ws.security.ready.internal.SecurityReadyServiceImpl  I CWWKS0007I: The security service is starting...
[8/17/20 11:36:13:312 EET] 00000017 com.ibm.ws.app.manager.internal.monitor.DropinMonitor        A CWWKZ0058I: Monitoring dropins for applications.
[8/17/20 11:36:13:480 EET] 00000017 com.ibm.ws.cache.ServerCache                                 I DYNA1001I: WebSphere Dynamic Cache instance named baseCache initialized successfully.
[8/17/20 11:36:13:514 EET] 00000017 com.ibm.ws.cache.ServerCache                                 I DYNA1071I: The cache provider default is being used.
[8/17/20 11:36:13:516 EET] 00000017 com.ibm.ws.cache.CacheServiceImpl                            I DYNA1056I: Dynamic Cache (object cache) initialized successfully.
[8/17/20 11:36:14:412 EET] 0000001c com.ibm.ws.ssl.config.WSKeyStore                             I Successfully loaded default keystore: /Users/altuga/Downloads/boot/target/liberty/wlp/usr/servers/boot/resources/security/public.jks of type: JKS
[8/17/20 11:36:14:485 EET] 00000014 ibm.ws.security.authentication.internal.jaas.JAASServiceImpl I CWWKS1123I: The collective authentication plugin with class name NullCollectiveAuthenticationPlugin has been activated. 
[8/17/20 11:36:14:559 EET] 00000021 com.ibm.ws.security.token.ltpa.internal.LTPAKeyCreateTask    I CWWKS4105I: LTPA configuration is ready after 0.134 seconds.
[8/17/20 11:36:14:875 EET] 00000014 com.ibm.ws.security.jwt.internal.ConsumerImpl                I CWWKS6012I: The JSON Web Token (JWT) consumer service is available.
[8/17/20 11:36:14:908 EET] 00000014 com.ibm.ws.security.jwt.web.JwtEndpointServices              I CWWKS6002I: The JSON Web Token (JWT) endpoint service is available.
[8/17/20 11:36:14:927 EET] 00000014 .ws.security.mp.jwt.v11.config.impl.MpConfigProxyServiceImpl I CWWKS5775I: The MicroProfile JWT version 1.1 mpConfigProxy processed successfully.
[8/17/20 11:36:14:940 EET] 00000014 com.ibm.ws.security.mp.jwt.impl.MicroProfileJwtConfigImpl    I CWWKS5500I: The MicroProfile JWT configuration [jwtUserConsumer] was successfully processed.
[8/17/20 11:36:14:943 EET] 00000014 com.ibm.ws.security.mp.jwt.impl.MicroProfileJwtConfigImpl    I CWWKS5500I: The MicroProfile JWT configuration [defaultMpJwt] was successfully processed.
[8/17/20 11:36:14:948 EET] 00000014 com.ibm.ws.security.mp.jwt.impl.MicroProfileJwtServiceImpl   I CWWKS5500I: The MicroProfile JWT configuration [MicroProfileJwtService] was successfully processed.
[8/17/20 11:36:15:597 EET] 00000014 com.ibm.ws.session.WASSessionCore                            I SESN8501I: The session manager did not find a persistent storage location; HttpSession objects will be stored in the local application server's memory.
[8/17/20 11:36:15:667 EET] 00000014 om.ibm.ws.microprofile.metrics.monitor.MonitorMetricsHandler I CWPMI2003I: Monitoring metrics can be retrieved through mpMetrics.
[8/17/20 11:36:16:800 EET] 00000024 com.ibm.ws.webcontainer.osgi.webapp.WebGroup                 I SRVE0169I: Loading Web Module: PublicMicroProfileMetrics.
[8/17/20 11:36:16:807 EET] 00000024 com.ibm.ws.webcontainer                                      I SRVE0250I: Web Module PublicMicroProfileMetrics has been bound to default_host.
[8/17/20 11:36:16:805 EET] 0000002b com.ibm.ws.webcontainer.osgi.webapp.WebGroup                 I SRVE0169I: Loading Web Module: OpenAPIUI.
[8/17/20 11:36:16:808 EET] 0000002b com.ibm.ws.webcontainer                                      I SRVE0250I: Web Module OpenAPIUI has been bound to default_host.
[8/17/20 11:36:16:809 EET] 00000024 com.ibm.ws.http.internal.VirtualHostImpl                     A CWWKT0016I: Web application available (default_host): http://localhost:9080/metrics/
[8/17/20 11:36:16:812 EET] 0000002b com.ibm.ws.http.internal.VirtualHostImpl                     A CWWKT0016I: Web application available (default_host): http://localhost:9080/openapi/ui/
[8/17/20 11:36:16:825 EET] 00000022 com.ibm.ws.webcontainer.osgi.webapp.WebGroup                 I SRVE0169I: Loading Web Module: com.ibm.ws.security.jwt.
[8/17/20 11:36:16:832 EET] 00000022 com.ibm.ws.webcontainer                                      I SRVE0250I: Web Module com.ibm.ws.security.jwt has been bound to default_host.
[8/17/20 11:36:16:832 EET] 00000022 com.ibm.ws.http.internal.VirtualHostImpl                     A CWWKT0016I: Web application available (default_host): http://localhost:9080/jwt/
[8/17/20 11:36:16:839 EET] 0000002c com.ibm.ws.webcontainer.osgi.webapp.WebGroup                 I SRVE0169I: Loading Web Module: health.
[8/17/20 11:36:16:841 EET] 0000002c com.ibm.ws.webcontainer                                      I SRVE0250I: Web Module health has been bound to default_host.
[8/17/20 11:36:16:842 EET] 0000002c com.ibm.ws.http.internal.VirtualHostImpl                     A CWWKT0016I: Web application available (default_host): http://localhost:9080/health/
[8/17/20 11:36:16:892 EET] 00000029 com.ibm.ws.webcontainer.osgi.webapp.WebGroup                 I SRVE0169I: Loading Web Module: MicroProfileOpenAPI.
[8/17/20 11:36:16:893 EET] 00000029 com.ibm.ws.webcontainer                                      I SRVE0250I: Web Module MicroProfileOpenAPI has been bound to default_host.
[8/17/20 11:36:16:893 EET] 00000021 com.ibm.ws.webcontainer.osgi.webapp.WebGroup                 I SRVE0169I: Loading Web Module: ibm/api.
[8/17/20 11:36:16:893 EET] 00000021 com.ibm.ws.webcontainer                                      I SRVE0250I: Web Module ibm/api has been bound to default_host.
[8/17/20 11:36:16:893 EET] 00000029 com.ibm.ws.http.internal.VirtualHostImpl                     A CWWKT0016I: Web application available (default_host): http://localhost:9080/openapi/
[8/17/20 11:36:16:893 EET] 00000021 com.ibm.ws.http.internal.VirtualHostImpl                     A CWWKT0016I: Web application available (default_host): http://localhost:9080/ibm/api/
[8/17/20 11:36:16:937 EET] 0000002b com.ibm.ws.app.manager.AppMessageHelper                      I CWWKZ0018I: Starting application boot.
[8/17/20 11:36:16:938 EET] 0000002b bm.ws.app.manager.war.internal.WARDeployedAppInfoFactoryImpl I CWWKZ0134I: The boot application is using the loose application definition at the /Users/altuga/Downloads/boot/target/liberty/wlp/usr/servers/boot/apps/boot.war.xml location.
[8/17/20 11:36:17:027 EET] 00000024 com.ibm.ws.session.WASSessionCore                            I SESN0176I: A new session context will be created for application key default_host/openapi/ui
[8/17/20 11:36:17:028 EET] 00000022 com.ibm.ws.session.WASSessionCore                            I SESN0176I: A new session context will be created for application key default_host/metrics
[8/17/20 11:36:17:028 EET] 00000029 com.ibm.ws.session.WASSessionCore                            I SESN0176I: A new session context will be created for application key default_host/health
[8/17/20 11:36:17:028 EET] 00000021 com.ibm.ws.session.WASSessionCore                            I SESN0176I: A new session context will be created for application key default_host/openapi
[8/17/20 11:36:17:032 EET] 00000031 com.ibm.ws.session.WASSessionCore                            I SESN0176I: A new session context will be created for application key default_host/ibm/api
[8/17/20 11:36:17:033 EET] 0000002c com.ibm.ws.session.WASSessionCore                            I SESN0176I: A new session context will be created for application key default_host/jwt
[8/17/20 11:36:17:117 EET] 00000024 com.ibm.ws.util                                              I SESN0172I: The session manager is using the Java default SecureRandom implementation for session ID generation.
[8/17/20 11:36:17:137 EET] 0000002c com.ibm.ws.util                                              I SESN0172I: The session manager is using the Java default SecureRandom implementation for session ID generation.
[8/17/20 11:36:17:137 EET] 00000031 com.ibm.ws.util                                              I SESN0172I: The session manager is using the Java default SecureRandom implementation for session ID generation.
[8/17/20 11:36:17:138 EET] 00000021 com.ibm.ws.util                                              I SESN0172I: The session manager is using the Java default SecureRandom implementation for session ID generation.
[8/17/20 11:36:17:138 EET] 00000029 com.ibm.ws.util                                              I SESN0172I: The session manager is using the Java default SecureRandom implementation for session ID generation.
[8/17/20 11:36:17:138 EET] 00000022 com.ibm.ws.util                                              I SESN0172I: The session manager is using the Java default SecureRandom implementation for session ID generation.
[8/17/20 11:36:17:184 EET] 00000024 com.ibm.ws.cache.CacheServiceImpl                            I DYNA1056I: Dynamic Cache (object cache) initialized successfully.
[8/17/20 11:36:17:821 EET] 00000029 com.ibm.ws.webcontainer.servlet                              I SRVE0242I: [com.ibm.ws.microprofile.health.2.0] [/health] [HealthCheckReadinessServlet]: Initialization successful.
[8/17/20 11:36:17:837 EET] 00000022 com.ibm.ws.webcontainer.servlet                              I SRVE0242I: [com.ibm.ws.microprofile.metrics.public] [/metrics] [PublicMetricsRESTProxyServlet]: Initialization successful.
[8/17/20 11:36:17:852 EET] 00000029 com.ibm.ws.webcontainer.servlet                              I SRVE0242I: [com.ibm.ws.microprofile.health.2.0] [/health] [HealthCheckServlet]: Initialization successful.
[8/17/20 11:36:17:859 EET] 00000021 com.ibm.ws.webcontainer.servlet                              I SRVE0242I: [com.ibm.ws.microprofile.openapi] [/openapi] [OpenAPIServlet]: Initialization successful.
[8/17/20 11:36:17:859 EET] 00000029 com.ibm.ws.webcontainer.servlet                              I SRVE0242I: [com.ibm.ws.microprofile.health.2.0] [/health] [HealthCheckLivenessServlet]: Initialization successful.
[8/17/20 11:36:18:086 EET] 00000032 com.ibm.ws.webcontainer.osgi.mbeans.PluginGenerator          I SRVE9103I: A configuration file for a web server plugin was automatically generated for this server at /Users/altuga/Downloads/boot/target/liberty/wlp/usr/servers/boot/logs/state/plugin-cfg.xml.
[8/17/20 11:36:18:657 EET] 0000002b com.ibm.ws.microprofile.openapi.ApplicationProcessor         I CWWKO1660I: The application boot was processed and an OpenAPI document was produced.
[8/17/20 11:36:18:732 EET] 0000002b org.jboss.weld.Version                                       I WELD-000900: 3.1.4 (Final)
[8/17/20 11:36:21:076 EET] 0000002b com.ibm.ws.webcontainer.osgi.webapp.WebGroup                 I SRVE0169I: Loading Web Module: boot.
[8/17/20 11:36:21:076 EET] 0000002b com.ibm.ws.webcontainer                                      I SRVE0250I: Web Module boot has been bound to default_host.
[8/17/20 11:36:21:076 EET] 0000002b com.ibm.ws.http.internal.VirtualHostImpl                     A CWWKT0016I: Web application available (default_host): http://localhost:9080/
[8/17/20 11:36:21:082 EET] 00000031 com.ibm.ws.session.WASSessionCore                            I SESN0176I: A new session context will be created for application key default_host/
[8/17/20 11:36:21:083 EET] 00000031 com.ibm.ws.util                                              I SESN0172I: The session manager is using the Java default SecureRandom implementation for session ID generation.
[8/17/20 11:36:21:129 EET] 0000002c com.ibm.ws.webcontainer.osgi.mbeans.PluginGenerator          I SRVE9103I: A configuration file for a web server plugin was automatically generated for this server at /Users/altuga/Downloads/boot/target/liberty/wlp/usr/servers/boot/logs/state/plugin-cfg.xml.
[8/17/20 11:36:21:140 EET] 00000031 com.ibm.ws.app.manager.AppMessageHelper                      A CWWKZ0001I: Application boot started in 4.204 seconds.
[8/17/20 11:36:21:174 EET] 00000020 com.ibm.ws.tcpchannel.internal.TCPPort                       I CWWKO0219I: TCP Channel defaultHttpEndpoint has been started and is now listening for requests on host localhost  (IPv4: 127.0.0.1) port 9080.
[8/17/20 11:36:21:179 EET] 00000020 com.ibm.ws.tcpchannel.internal.TCPPort                       I CWWKO0219I: TCP Channel defaultHttpEndpoint-ssl has been started and is now listening for requests on host localhost  (IPv4: 127.0.0.1) port 9443.
[8/17/20 11:36:21:193 EET] 00000020 com.ibm.ws.kernel.feature.internal.FeatureManager            A CWWKF0012I: The server installed the following features: [appSecurity-2.0, cdi-2.0, concurrent-1.0, distributedMap-1.0, jaxrs-2.1, jaxrsClient-2.1, jndi-1.0, json-1.0, jsonb-1.0, jsonp-1.1, jwt-1.0, microProfile-3.3, monitor-1.0, mpConfig-1.4, mpFaultTolerance-2.1, mpHealth-2.2, mpJwt-1.1, mpMetrics-2.3, mpOpenAPI-1.1, mpOpenTracing-1.3, mpRestClient-1.4, opentracing-1.3, servlet-4.0, ssl-1.0].
[8/17/20 11:36:21:194 EET] 00000020 com.ibm.ws.kernel.feature.internal.FeatureManager            I CWWKF0008I: Feature update completed in 8.588 seconds.
[8/17/20 11:36:21:194 EET] 00000020 com.ibm.ws.kernel.feature.internal.FeatureManager            A CWWKF0011I: The boot server is ready to run a smarter planet. The boot server started in 10.004 seconds.
[8/17/20 11:36:23:876 EET] 00000032 com.ibm.ws.http.internal.VirtualHostImpl                     A CWWKT0017I: Web application removed (default_host): http://localhost:9080/
[8/17/20 11:36:23:937 EET] 00000032 com.ibm.ws.app.manager.AppMessageHelper                      A CWWKZ0009I: The application boot has stopped successfully.
[8/17/20 11:36:23:944 EET] 00000032 com.ibm.ws.app.manager.AppMessageHelper                      I CWWKZ0018I: Starting application boot.
[8/17/20 11:36:23:944 EET] 00000032 bm.ws.app.manager.war.internal.WARDeployedAppInfoFactoryImpl I CWWKZ0134I: The boot application is using the loose application definition at the /Users/altuga/Downloads/boot/target/liberty/wlp/usr/servers/boot/apps/boot.war.xml location.
[8/17/20 11:36:23:960 EET] 00000024 com.ibm.ws.webcontainer.osgi.mbeans.PluginGenerator          I SRVE9103I: A configuration file for a web server plugin was automatically generated for this server at /Users/altuga/Downloads/boot/target/liberty/wlp/usr/servers/boot/logs/state/plugin-cfg.xml.
[8/17/20 11:36:24:158 EET] 00000032 com.ibm.ws.microprofile.openapi.ApplicationProcessor         I CWWKO1660I: The application boot was processed and an OpenAPI document was produced.
[8/17/20 11:36:24:837 EET] 00000032 com.ibm.ws.webcontainer.osgi.webapp.WebGroup                 I SRVE0169I: Loading Web Module: boot.
[8/17/20 11:36:24:837 EET] 00000032 com.ibm.ws.webcontainer                                      I SRVE0250I: Web Module boot has been bound to default_host.
[8/17/20 11:36:24:838 EET] 00000032 com.ibm.ws.http.internal.VirtualHostImpl                     A CWWKT0016I: Web application available (default_host): http://localhost:9080/
[8/17/20 11:36:24:843 EET] 00000024 com.ibm.ws.session.WASSessionCore                            I SESN0176I: A new session context will be created for application key default_host/
[8/17/20 11:36:24:844 EET] 00000024 com.ibm.ws.util                                              I SESN0172I: The session manager is using the Java default SecureRandom implementation for session ID generation.
[8/17/20 11:36:24:869 EET] 00000024 com.ibm.ws.app.manager.AppMessageHelper                      A CWWKZ0003I: The application boot updated in 0.925 seconds.
[8/17/20 11:36:24:875 EET] 00000031 com.ibm.ws.webcontainer.osgi.mbeans.PluginGenerator          I SRVE9103I: A configuration file for a web server plugin was automatically generated for this server at /Users/altuga/Downloads/boot/target/liberty/wlp/usr/servers/boot/logs/state/plugin-cfg.xml.
[8/17/20 11:36:43:664 EET] 00000024 .apache.cxf.cxf.core.3.2:1.0.43.cl200820200721-1900(id=150)] I Setting the server's publish address to be /data/
[8/17/20 11:36:43:799 EET] 00000024 com.ibm.ws.webcontainer.servlet                              I SRVE0242I: [boot] [/] [com.kodcu.boot.BootRestApplication]: Initialization successful.
[8/17/20 11:36:43:979 EET] 00000024 SystemErr                                                    R SLF4J: Failed to load class "org.slf4j.impl.StaticLoggerBinder".
[8/17/20 11:36:43:979 EET] 00000024 SystemErr                                                    R SLF4J: Defaulting to no-operation (NOP) logger implementation
[8/17/20 11:36:43:980 EET] 00000024 SystemErr                                                    R SLF4J: See http://www.slf4j.org/codes.html#StaticLoggerBinder for further details.
[8/17/20 11:36:44:301 EET] 00000024 m.ibm.ws.microprofile.opentracing.jaeger.JaegerTracerFactory I CWMOT1001I: A JaegerTracer instance was created for the boot application.  Tracing information is sent to localhost:6831.
[8/17/20 11:36:55:314 EET] 00000020 com.ibm.ws.http.internal.VirtualHostImpl                     A CWWKT0017I: Web application removed (default_host): http://localhost:9080/
[8/17/20 11:36:55:335 EET] 00000020 com.ibm.ws.webcontainer.servlet                              I SRVE0253I: [boot] [/] [com.kodcu.boot.BootRestApplication]: Destroy successful.
[8/17/20 11:36:55:380 EET] 00000020 com.ibm.ws.app.manager.AppMessageHelper                      A CWWKZ0009I: The application boot has stopped successfully.
[8/17/20 11:36:55:390 EET] 00000020 com.ibm.ws.app.manager.AppMessageHelper                      I CWWKZ0018I: Starting application boot.
[8/17/20 11:36:55:391 EET] 00000020 bm.ws.app.manager.war.internal.WARDeployedAppInfoFactoryImpl I CWWKZ0134I: The boot application is using the loose application definition at the /Users/altuga/Downloads/boot/target/liberty/wlp/usr/servers/boot/apps/boot.war.xml location.
[8/17/20 11:36:55:418 EET] 0000002a com.ibm.ws.webcontainer.osgi.mbeans.PluginGenerator          I SRVE9103I: A configuration file for a web server plugin was automatically generated for this server at /Users/altuga/Downloads/boot/target/liberty/wlp/usr/servers/boot/logs/state/plugin-cfg.xml.
[8/17/20 11:36:55:582 EET] 00000020 com.ibm.ws.microprofile.openapi.ApplicationProcessor         I CWWKO1660I: The application boot was processed and an OpenAPI document was produced.
[8/17/20 11:36:56:098 EET] 00000020 com.ibm.ws.webcontainer.osgi.webapp.WebGroup                 I SRVE0169I: Loading Web Module: boot.
[8/17/20 11:36:56:098 EET] 00000020 com.ibm.ws.webcontainer                                      I SRVE0250I: Web Module boot has been bound to default_host.
[8/17/20 11:36:56:099 EET] 00000020 com.ibm.ws.http.internal.VirtualHostImpl                     A CWWKT0016I: Web application available (default_host): http://localhost:9080/
[8/17/20 11:36:56:101 EET] 00000036 com.ibm.ws.session.WASSessionCore                            I SESN0176I: A new session context will be created for application key default_host/
[8/17/20 11:36:56:102 EET] 00000036 com.ibm.ws.util                                              I SESN0172I: The session manager is using the Java default SecureRandom implementation for session ID generation.
[8/17/20 11:36:56:126 EET] 00000036 com.ibm.ws.app.manager.AppMessageHelper                      A CWWKZ0003I: The application boot updated in 0.736 seconds.
[8/17/20 11:36:56:135 EET] 0000002a com.ibm.ws.webcontainer.osgi.mbeans.PluginGenerator          I SRVE9103I: A configuration file for a web server plugin was automatically generated for this server at /Users/altuga/Downloads/boot/target/liberty/wlp/usr/servers/boot/logs/state/plugin-cfg.xml.
[8/17/20 11:36:56:314 EET] 00000032 .apache.cxf.cxf.core.3.2:1.0.43.cl200820200721-1900(id=150)] I Setting the server's publish address to be /data/
[8/17/20 11:36:56:324 EET] 00000032 com.ibm.ws.webcontainer.servlet                              I SRVE0242I: [boot] [/] [com.kodcu.boot.BootRestApplication]: Initialization successful.
[8/17/20 11:36:56:371 EET] 00000032 SystemErr                                                    R SLF4J: Failed to load class "org.slf4j.impl.StaticLoggerBinder".
[8/17/20 11:36:56:371 EET] 00000032 SystemErr                                                    R SLF4J: Defaulting to no-operation (NOP) logger implementation
[8/17/20 11:36:56:371 EET] 00000032 SystemErr                                                    R SLF4J: See http://www.slf4j.org/codes.html#StaticLoggerBinder for further details.
[8/17/20 11:36:56:620 EET] 00000032 m.ibm.ws.microprofile.opentracing.jaeger.JaegerTracerFactory I CWMOT1001I: A JaegerTracer instance was created for the boot application.  Tracing information is sent to localhost:6831.
[8/17/20 11:38:09:249 EET] 00000011 com.ibm.ws.kernel.launch.internal.FrameworkManager           A CWWKE0085I: The server boot is stopping because the JVM is exiting.
[8/17/20 11:38:09:252 EET] 0000004a com.ibm.ws.runtime.update.internal.RuntimeUpdateManagerImpl  A CWWKE1100I: Waiting for up to 30 seconds for the server to quiesce.
[8/17/20 11:38:09:263 EET] 00000024 com.ibm.ws.tcpchannel.internal.TCPChannel                    I CWWKO0220I: TCP Channel defaultHttpEndpoint-ssl has stopped listening for requests on host localhost  (IPv4: 127.0.0.1) port 9443.
[8/17/20 11:38:09:268 EET] 00000024 com.ibm.ws.tcpchannel.internal.TCPChannel                    I CWWKO0220I: TCP Channel defaultHttpEndpoint has stopped listening for requests on host localhost  (IPv4: 127.0.0.1) port 9080.
[8/17/20 11:38:09:269 EET] 00000024 com.ibm.ws.http.internal.VirtualHostImpl                     A CWWKT0017I: Web application removed (default_host): http://localhost:9080/jwt/
[8/17/20 11:38:09:269 EET] 00000024 com.ibm.ws.http.internal.VirtualHostImpl                     A CWWKT0017I: Web application removed (default_host): http://localhost:9080/openapi/ui/
[8/17/20 11:38:09:270 EET] 00000024 com.ibm.ws.http.internal.VirtualHostImpl                     A CWWKT0017I: Web application removed (default_host): http://localhost:9080/metrics/
[8/17/20 11:38:09:270 EET] 00000024 com.ibm.ws.http.internal.VirtualHostImpl                     A CWWKT0017I: Web application removed (default_host): http://localhost:9080/health/
[8/17/20 11:38:09:270 EET] 00000024 com.ibm.ws.http.internal.VirtualHostImpl                     A CWWKT0017I: Web application removed (default_host): http://localhost:9080/
[8/17/20 11:38:09:270 EET] 00000024 com.ibm.ws.http.internal.VirtualHostImpl                     A CWWKT0017I: Web application removed (default_host): http://localhost:9080/openapi/
[8/17/20 11:38:09:271 EET] 00000024 com.ibm.ws.http.internal.VirtualHostImpl                     A CWWKT0017I: Web application removed (default_host): http://localhost:9080/ibm/api/
[8/17/20 11:38:09:589 EET] 00000012 com.ibm.ws.kernel.launch.internal.ServerCommandListener      A CWWKE0055I: Server shutdown requested on Monday, August 17, 2020 at 11:38 AM. The server boot is shutting down.
[8/17/20 11:38:10:285 EET] 0000004a com.ibm.ws.runtime.update.internal.RuntimeUpdateManagerImpl  I CWWKE1101I: Server quiesce complete.
[8/17/20 11:38:10:339 EET] 0000002c com.ibm.ws.app.manager.AppMessageHelper                      A CWWKZ0009I: The application boot has stopped successfully.
[8/17/20 11:38:10:880 EET] 0000004a om.ibm.ws.microprofile.metrics.monitor.MonitorMetricsHandler I CWPMI2004I: All monitoring metrics were unregistered from mpMetrics.
[8/17/20 11:38:10:929 EET] 0000004a .ws.security.mp.jwt.v11.config.impl.MpConfigProxyServiceImpl I CWWKS5777I: The MicroProfile JWT version 1.1 mpConfigProxy deactivated successfully.
[8/17/20 11:38:10:933 EET] 0000004a com.ibm.ws.security.mp.jwt.impl.MicroProfileJwtConfigImpl    I CWWKS5502I: The MicroProfile JWT configuration [jwtUserConsumer] was successfully deactivated.
[8/17/20 11:38:10:935 EET] 0000004a com.ibm.ws.security.mp.jwt.impl.MicroProfileJwtConfigImpl    I CWWKS5502I: The MicroProfile JWT configuration [defaultMpJwt] was successfully deactivated.
[8/17/20 11:38:10:937 EET] 0000004a com.ibm.ws.security.mp.jwt.impl.MicroProfileJwtServiceImpl   I CWWKS5502I: The MicroProfile JWT configuration [MicroProfileJwtService] was successfully deactivated.
[8/17/20 11:38:11:192 EET] 0000004a com.ibm.ws.security.ready.internal.SecurityReadyServiceImpl  I CWWKS0009I: The security service has stopped.
[8/17/20 11:38:11:229 EET] 0000004a ibm.ws.security.authentication.internal.jaas.JAASServiceImpl I CWWKS1124I: The collective authentication plugin with class name NullCollectiveAuthenticationPlugin has been deactivated. 
[8/17/20 11:38:11:871 EET] 00000001 com.ibm.ws.kernel.launch.internal.FrameworkManager           A CWWKE0036I: The server boot stopped after 2 minutes, 0.674 seconds.
